<?xml version="1.0" encoding="UTF-8"?>
<!-- Generated by org.testng.reporters.JUnitReportReporter -->
<testsuite hostname="CPDK313" failures="0" tests="2" name="execute.Exe_signup" time="98.510" errors="0" timestamp="2025-09-05T10:56:09 IST" skipped="0">
  <testcase classname="execute.Exe_signup" name="LoginandSignup" time="31.019"/>
  <testcase classname="execute.Exe_signup" name="addcart" time="67.491"/>
</testsuite> <!-- execute.Exe_signup -->
