<?xml version="1.0" encoding="UTF-8"?>
<!-- Generated by org.testng.reporters.JUnitReportReporter -->
<testsuite hostname="CPDK313" failures="0" tests="1" name="Pages.Signup" time="22.169" errors="0" timestamp="2025-09-03T12:01:10 IST" skipped="0">
  <testcase classname="Pages.Signup" name="signup" time="22.169"/>
</testsuite> <!-- Pages.Signup -->
