<?xml version="1.0" encoding="UTF-8"?>
<!-- Generated by org.testng.reporters.JUnitReportReporter -->
<testsuite hostname="CPDK313" failures="0" tests="1" name="execute.runSignup" time="47.302" errors="0" timestamp="2025-09-03T15:28:27 IST" skipped="0">
  <testcase classname="execute.runSignup" name="f" time="47.302"/>
</testsuite> <!-- execute.runSignup -->
